
SQL*Loader: Release 23.26.2.0.0 - Production on Sun Jun 14 11:59:50 2026
Version 23.26.2.0.0

Copyright (c) 1982, 2026, Oracle and/or its affiliates.  All rights reserved.

Control File:   /sql/service.ctl
Data File:      /logs/service-2026-06-14.log
  Bad File:     /sql/service-2026-06-14.bad
  Discard File:  none specified
 
 (Allow all discards)

Number to load: ALL
Number to skip: 0
Errors allowed: 50
Bind array:     250 rows, maximum of 1048576 bytes
Continuation:    none specified
Path used:      Conventional

Table STATUS, loaded from every logical record.
Insert option in effect for this table: APPEND
TRAILING NULLCOLS option in effect

   Column Name                  Position   Len  Term Encl Datatype
------------------------------ ---------- ----- ---- ---- ---------------------
TIME_STAMP                          FIRST     *   ,       DATETIME YYYY-MM-DD HH24:MI:SS
HTTP_STATUS                          NEXT     *   ,       CHARACTER            


Table STATUS:
  8 Rows successfully loaded.
  0 Rows not loaded due to data errors.
  0 Rows not loaded because all WHEN clauses were failed.
  0 Rows not loaded because all fields were null.


Space allocated for bind array:                 129000 bytes(250 rows)
Read   buffer bytes: 1048576

Total logical records skipped:          0
Total logical records read:             8
Total logical records rejected:         0
Total logical records discarded:        0

Run began on Sun Jun 14 11:59:50 2026
Run ended on Sun Jun 14 11:59:50 2026

Elapsed time was:     00:00:00.14
CPU time was:         00:00:00.02
